"2011-10-21 17:27:48", "EC2:use1", "i-a64835c6", "CREATED", "t1.micro", "-", "-", "OVMP Frontend"
"2011-10-21 17:27:49", "EC2:use1", "i-a64835c6", "STARTED", "t1.micro", "-", "-", "OVMP Frontend"
"2012-07-12 16:51:57", "EC2:use1", "i-a64835c6", "STOPPED", "t1.micro", "6359.40", "127.20", "OVMP Frontend"
"2011-10-25 15:02:05", "EC2:use1", "i-bbab5dd8", "CREATED", "t1.micro", "-", "-", "nginx_clone"
"2011-10-25 15:02:06", "EC2:use1", "i-bbab5dd8", "STARTED", "t1.micro", "-", "-", "nginx_clone"
"2012-04-30 17:00:39", "EC2:use1", "i-bbab5dd8", "STOPPED", "t1.micro", "4513.98", "90.28", "nginx_clone"
"2011-12-30 19:24:52", "EC2:use1", "i-35a06856", "CREATED", "t1.micro", "-", "-", "UD Political Science Sawmill Reporting"
"2011-12-30 19:24:53", "EC2:use1", "i-35a06856", "STARTED", "t1.micro", "-", "-", "UD Political Science Sawmill Reporting"
"2012-07-12 16:43:56", "EC2:use1", "i-35a06856", "STOPPED", "t1.micro", "4677.32", "93.56", "UD Political Science Sawmill Reporting"
"2011-11-10 15:06:13", "EC2:use1", "i-d1a226b2", "CREATED", "m1.small", "-", "-", "udproxy.ion-e.com"
"2011-11-10 15:06:14", "EC2:use1", "i-d1a226b2", "STARTED", "m1.small", "-", "-", "udproxy.ion-e.com"
"2012-07-12 16:44:01", "EC2:use1", "i-d1a226b2", "STOPPED", "m1.small", "5881.63", "470.56", "udproxy.ion-e.com"
"2012-02-03 22:53:48", "EC2:use1", "i-ad7af8ce", "CREATED", "m1.large", "-", "-", "www.redlasso.com"
"2012-02-03 22:53:49", "EC2:use1", "i-ad7af8ce", "STARTED", "m1.large", "-", "-", "www.redlasso.com"
"2012-02-04 00:07:12", "EC2:use1", "i-ad7af8ce", "STOPPED", "m1.large", "1.22", "0.64", "www.redlasso.com"
"2011-12-20 17:20:09", "EC2:use1", "i-f5400c96", "CREATED", "t1.micro", "-", "-", "nespresso_dev"
"2011-12-20 17:20:10", "EC2:use1", "i-f5400c96", "STARTED", "t1.micro", "-", "-", "nespresso_dev"
"2012-03-27 14:56:59", "EC2:use1", "i-f5400c96", "STOPPED", "t1.micro", "2349.61", "47.00", "nespresso_dev"
"2012-07-16 16:34:39", "EC2:use1", "i-1d062c7e", "CREATED", "t1.micro", "-", "-", "UD Nutrition Production"
"2012-07-16 16:34:40", "EC2:use1", "i-1d062c7e", "STARTED", "t1.micro", "-", "-", "UD Nutrition Production"
"2012-09-07 19:16:28", "EC2:use1", "i-1d062c7e", "STOPPED", "t1.micro", "1274.70", "25.50", "UD Nutrition Production"
"2012-01-10 16:05:51", "EC2:use1", "i-6853bd0a", "CREATED", "c1.xlarge", "-", "-", "ovmp_encoder_1"
"2012-01-10 16:05:52", "EC2:use1", "i-6853bd0a", "STARTED", "c1.xlarge", "-", "-", "ovmp_encoder_1"
"2012-01-25 13:54:25", "EC2:use1", "i-6853bd0a", "STOPPED", "c1.xlarge", "357.81", "0.00", "ovmp_encoder_1"
"2012-02-23 00:44:35", "EC2:use1", "i-48d1762a", "CREATED", "m1.small", "-", "-", "ovmp_ingestion"
"2012-02-23 00:44:36", "EC2:use1", "i-48d1762a", "STARTED", "m1.small", "-", "-", "ovmp_ingestion"
"2012-07-12 16:44:18", "EC2:use1", "i-48d1762a", "STOPPED", "m1.small", "3376.00", "270.16", "ovmp_ingestion"
"2012-02-23 00:40:55", "EC2:use1", "i-60d59902", "CREATED", "t1.micro", "-", "-", "ovmp_ftp_2"
"2012-02-23 00:40:56", "EC2:use1", "i-60d59902", "STARTED", "t1.micro", "-", "-", "ovmp_ftp_2"
"2012-07-12 16:44:22", "EC2:use1", "i-60d59902", "STOPPED", "t1.micro", "3376.06", "67.54", "ovmp_ftp_2"
"2012-02-07 17:02:55", "EC2:use1", "i-458c1a20", "CREATED", "m1.large", "-", "-", "PCN Large"
"2012-02-07 17:02:56", "EC2:use1", "i-458c1a20", "STARTED", "m1.large", "-", "-", "PCN Large"
"2012-03-26 15:32:19", "EC2:use1", "i-458c1a20", "STOPPED", "m1.large", "1150.49", "368.32", "PCN Large"
"2012-03-08 02:58:58", "EC2:use1", "i-72eab817", "CREATED", "t1.micro", "-", "-", "RedLassoTransfer"
"2012-03-08 02:58:59", "EC2:use1", "i-72eab817", "STARTED", "t1.micro", "-", "-", "RedLassoTransfer"
"2012-02-21 14:59:32", "EC2:use1", "i-c87f47ad", "CREATED", "t1.micro", "-", "-", "GIT"
"2012-02-21 14:59:33", "EC2:use1", "i-c87f47ad", "STARTED", "t1.micro", "-", "-", "GIT"
"2012-07-12 16:52:41", "EC2:use1", "i-c87f47ad", "STOPPED", "t1.micro", "3409.89", "68.20", "GIT"
"2012-03-26 14:49:10", "EC2:use1", "i-76013412", "CREATED", "t1.micro", "-", "-", "WorkQueue"
"2012-03-26 14:49:11", "EC2:use1", "i-76013412", "STARTED", "t1.micro", "-", "-", "WorkQueue"
"2012-03-27 14:57:39", "EC2:use1", "i-76013412", "STOPPED", "t1.micro", "24.14", "0.50", "WorkQueue"
"2012-03-28 22:06:03", "EC2:use1", "i-8aeaecee", "CREATED", "t1.micro", "-", "-", "Nagios"
"2012-03-28 22:06:04", "EC2:use1", "i-8aeaecee", "STARTED", "t1.micro", "-", "-", "Nagios"
"2012-07-12 13:48:07", "EC2:use1", "i-8aeaecee", "STOPPED", "t1.micro", "2535.70", "50.72", "Nagios"
"2012-09-11 12:12:44", "EC2:use1", "i-28513a52", "CREATED", "t1.micro", "-", "-", "remotecontrol"
"2012-09-11 12:12:45", "EC2:use1", "i-28513a52", "STARTED", "t1.micro", "-", "-", "remotecontrol"
"2013-01-30 03:31:43", "EC2:use1", "i-a64835c6", "CHANGED", "t1.micro", "-", "-", "OVMP Frontend - OVMP Frontend -> REMOVED"
"2013-01-30 03:31:43", "EC2:use1", "i-a64835c6", "CHANGED", "t1.micro", "-", "-", "OVMP Frontend - ADDED -> REMOVED"
"2013-01-30 03:31:43", "EC2:use1", "i-a64835c6", "CHANGED", "t1.micro", "-", "-", "OVMP Frontend - ADDED -> REMOVED"
"2013-01-30 03:45:51", "EC2:use1", "i-a64835c6", "CHANGED", "t1.micro", "-", "-", " - ADDED -> OVMP Frontend"
"2013-01-30 03:45:51", "EC2:use1", "i-a64835c6", "CHANGED", "t1.micro", "-", "-", " - ADDED -> REMOVED"
"2013-01-30 03:45:51", "EC2:use1", "i-a64835c6", "CHANGED", "t1.micro", "-", "-", " - ADDED -> REMOVED"
"2012-09-11 12:12:45", "EC2:use1", "i-28513a52", "STOPPED", "t1.micro", "0.00", "0.02", "remotecontrol"
"2013-02-21 23:55:32", "EC2:use1", "i-28513a52", "STARTED", "t1.micro", "-", "-", "remotecontrol"
"2013-07-18 20:16:03", "EC2:usw2", "i-e836b9df", "CREATED", "t1.micro", "-", "-", ""
"2013-07-18 21:00:48", "EC2:usw2", "i-e836b9df", "CHANGED", "t1.micro", "-", "-", " -  -> REMOVED"
"2013-07-18 21:00:48", "EC2:usw2", "i-e836b9df", "CHANGED", "t1.micro", "-", "-", " - ADDED -> REMOVED"
"2013-07-18 21:00:48", "EC2:usw2", "i-e836b9df", "CHANGED", "t1.micro", "-", "-", " - ADDED -> REMOVED"
"2013-08-06 21:46:32", "EC2:use1", "i-a64835c6", "CHANGED", "t1.micro", "-", "-", "OVMP Frontend - OVMP Frontend -> REMOVED"
"2013-08-06 21:46:32", "EC2:use1", "i-a64835c6", "CHANGED", "t1.micro", "-", "-", "OVMP Frontend - ADDED -> REMOVED"
"2013-08-06 21:46:32", "EC2:use1", "i-a64835c6", "CHANGED", "t1.micro", "-", "-", "OVMP Frontend - ADDED -> REMOVED"
"2013-08-06 22:00:52", "EC2:use1", "i-a64835c6", "CHANGED", "t1.micro", "-", "-", " - ADDED -> OVMP Frontend"
"2013-08-06 22:00:52", "EC2:use1", "i-a64835c6", "CHANGED", "t1.micro", "-", "-", " - ADDED -> REMOVED"
"2013-08-06 22:00:52", "EC2:use1", "i-a64835c6", "CHANGED", "t1.micro", "-", "-", " - ADDED -> REMOVED"
