"2013-03-27 08:44:33", "EC2:use1", "i-2610db58", "CREATED", "m1.medium", "-", "-", ""
"2013-03-27 08:44:34", "EC2:use1", "i-2610db58", "STARTED", "m1.medium", "-", "-", ""
"2013-06-24 06:19:44", "EC2:use1", "i-2610db58", "STOPPED", "m1.medium", "2133.59", "341.44", ""
"2013-09-16 14:11:07", "EC2:apse1", "i-73ce5a25", "CREATED", "t1.micro", "-", "-", "test"
"2013-09-16 14:11:08", "EC2:apse1", "i-73ce5a25", "STARTED", "t1.micro", "-", "-", "test"
"2013-06-20 21:40:13", "EC2:apse1", "i-02a08055", "CREATED", "m1.medium", "-", "-", "c1-server-new"
"2013-06-20 21:40:14", "EC2:apse1", "i-02a08055", "STARTED", "m1.medium", "-", "-", "c1-server-new"
"2013-09-17 17:31:47", "EC2:apse1", "i-02a08055", "CHANGED", "m1.medium", "-", "-", "c1-server-new - 54.251.40.128 -> 54.251.215.91"
"2013-09-17 17:31:47", "EC2:apse1", "i-02a08055", "CHANGED", "m1.medium", "-", "-", "c1-server-new - 10.135.43.140 -> 10.134.205.11"
"2013-09-17 17:46:45", "EC2:apse1", "i-02a08055", "CHANGED", "m1.large", "-", "-", "c1-server-new - 54.251.215.91 -> 54.251.40.128"
"2013-06-24 06:19:45", "EC2:use1", "i-2610db58", "TERMINATED", "m1.medium", "-", "-", ""
"2013-09-19 14:45:55", "EC2:apse1", "i-18d79b4e", "CREATED", "m1.small", "-", "-", "Nuance"
"2013-09-19 14:45:56", "EC2:apse1", "i-18d79b4e", "STARTED", "m1.small", "-", "-", "Nuance"
"2013-09-19 14:55:45", "EC2:apse1", "i-9c326eca", "CREATED", "m1.medium", "-", "-", ""
"2013-09-16 14:11:07", "EC2:apse1", "i-73ce5a25", "CREATED", "t1.micro", "-", "-", "test"
"2013-09-16 14:11:08", "EC2:apse1", "i-73ce5a25", "STARTED", "t1.micro", "-", "-", "test"
"2013-09-17 17:24:04", "EC2:apse1", "i-02a08055", "CREATED", "m1.large", "-", "-", "c1-server-new"
"2013-09-17 17:24:05", "EC2:apse1", "i-02a08055", "STARTED", "m1.large", "-", "-", "c1-server-new"
"2013-09-19 14:45:55", "EC2:apse1", "i-18d79b4e", "CREATED", "m1.small", "-", "-", "Nuance"
"2013-09-19 14:45:56", "EC2:apse1", "i-18d79b4e", "STARTED", "m1.small", "-", "-", "Nuance"
"2013-09-19 14:58:25", "EC2:apse1", "i-9c326eca", "STOPPED", "m1.medium", "0.04", "0.16", ""
"2013-09-19 14:58:26", "EC2:apse1", "i-9c326eca", "TERMINATED", "m1.medium", "-", "-", ""
"2013-09-20 04:47:32", "EC2:apse1", "i-18d79b4e", "STOPPED", "m1.small", "14.03", "1.20", "Nuance"
"2013-09-20 04:51:36", "EC2:apse1", "i-18d79b4e", "STARTED", "m1.small", "-", "-", "Nuance"
"2013-09-20 05:29:34", "EC2:apse1", "i-18d79b4e", "TERMINATED", "m1.small", "-", "-", "Nuance"
"2013-09-20 06:17:09", "EC2:apse1", "i-caabdd9c", "CREATED", "t1.micro", "-", "-", ""
"2013-09-17 17:24:04", "EC2:apse1", "i-02a08055", "CREATED", "m1.large", "-", "-", "c1-server-new"
"2013-09-17 17:24:05", "EC2:apse1", "i-02a08055", "STARTED", "m1.large", "-", "-", "c1-server-new"
"2013-09-20 04:51:35", "EC2:apse1", "i-18d79b4e", "CREATED", "m1.small", "-", "-", "Nuance"
"2013-09-20 06:34:33", "EC2:apse1", "i-971cacc1", "CREATED", "t1.micro", "-", "-", ""
"2013-09-20 06:34:34", "EC2:apse1", "i-971cacc1", "STARTED", "t1.micro", "-", "-", ""
"2013-09-20 06:46:00", "EC2:apse1", "i-971cacc1", "STOPPED", "t1.micro", "0.19", "0.02", ""
"2013-09-16 14:11:07", "EC2:apse1", "i-73ce5a25", "CREATED", "t1.micro", "-", "-", "test"
"2013-09-16 14:11:08", "EC2:apse1", "i-73ce5a25", "STARTED", "t1.micro", "-", "-", "test"
"2013-09-20 06:17:09", "EC2:apse1", "i-caabdd9c", "CREATED", "t1.micro", "-", "-", ""
"2013-09-17 17:24:04", "EC2:apse1", "i-02a08055", "CREATED", "m1.large", "-", "-", "c1-server-new"
"2013-09-17 17:24:05", "EC2:apse1", "i-02a08055", "STARTED", "m1.large", "-", "-", "c1-server-new"
"2013-09-20 04:51:35", "EC2:apse1", "i-18d79b4e", "CREATED", "m1.small", "-", "-", "Nuance"
"2013-09-20 06:46:01", "EC2:apse1", "i-971cacc1", "TERMINATED", "t1.micro", "-", "-", ""
"2013-09-20 06:53:45", "EC2:apse1", "i-040a9a52", "CREATED", "t1.micro", "-", "-", "Testing"
"2013-09-20 06:53:46", "EC2:apse1", "i-040a9a52", "STARTED", "t1.micro", "-", "-", "Testing"
"2013-09-16 14:11:07", "EC2:apse1", "i-73ce5a25", "CREATED", "t1.micro", "-", "-", "test"
"2013-09-16 14:11:08", "EC2:apse1", "i-73ce5a25", "STARTED", "t1.micro", "-", "-", "test"
"2013-09-20 06:17:09", "EC2:apse1", "i-caabdd9c", "CREATED", "t1.micro", "-", "-", ""
"2013-09-17 17:24:04", "EC2:apse1", "i-02a08055", "CREATED", "m1.large", "-", "-", "c1-server-new"
"2013-09-17 17:24:05", "EC2:apse1", "i-02a08055", "STARTED", "m1.large", "-", "-", "c1-server-new"
"2013-09-20 04:51:35", "EC2:apse1", "i-18d79b4e", "CREATED", "m1.small", "-", "-", "Nuance"
"2013-09-20 06:23:38", "EC2:apse1", "i-caabdd9c", "STOPPED", "t1.micro", "0.11", "0.02", ""
"2013-09-20 06:23:39", "EC2:apse1", "i-caabdd9c", "TERMINATED", "t1.micro", "-", "-", ""
"2013-09-20 06:46:00", "EC2:apse1", "i-971cacc1", "STOPPED", "t1.micro", "0.19", "0.02", ""
"2013-09-20 06:46:01", "EC2:apse1", "i-971cacc1", "TERMINATED", "t1.micro", "-", "-", ""
"2013-09-20 07:59:56", "EC2:apse1", "i-040a9a52", "STOPPED", "t1.micro", "1.10", "0.04", "Testing"
"2013-09-20 08:10:37", "EC2:apse1", "i-e58f27b3", "CREATED", "t1.micro", "-", "-", ""
"2013-09-20 08:10:38", "EC2:apse1", "i-e58f27b3", "STARTED", "t1.micro", "-", "-", ""
"2013-09-20 06:53:45", "EC2:apse1", "i-040a9a52", "CREATED", "t1.micro", "-", "-", "Testing"
"2013-09-16 14:11:07", "EC2:apse1", "i-73ce5a25", "CREATED", "t1.micro", "-", "-", "test"
"2013-09-16 14:11:08", "EC2:apse1", "i-73ce5a25", "STARTED", "t1.micro", "-", "-", "test"
"2013-09-17 17:24:04", "EC2:apse1", "i-02a08055", "CREATED", "m1.large", "-", "-", "c1-server-new"
"2013-09-17 17:24:05", "EC2:apse1", "i-02a08055", "STARTED", "m1.large", "-", "-", "c1-server-new"
"2013-09-20 08:22:55", "EC2:apse1", "i-35dc4c63", "CREATED", "t1.micro", "-", "-", ""
"2013-09-20 08:22:56", "EC2:apse1", "i-35dc4c63", "STARTED", "t1.micro", "-", "-", ""
"2013-09-20 08:10:37", "EC2:apse1", "i-e58f27b3", "CREATED", "t1.micro", "-", "-", ""
"2013-09-20 06:53:45", "EC2:apse1", "i-040a9a52", "CREATED", "t1.micro", "-", "-", "Testing"
"2013-09-16 14:11:07", "EC2:apse1", "i-73ce5a25", "CREATED", "t1.micro", "-", "-", "test"
"2013-09-16 14:11:08", "EC2:apse1", "i-73ce5a25", "STARTED", "t1.micro", "-", "-", "test"
"2013-09-17 17:24:04", "EC2:apse1", "i-02a08055", "CREATED", "m1.large", "-", "-", "c1-server-new"
"2013-09-17 17:24:05", "EC2:apse1", "i-02a08055", "STARTED", "m1.large", "-", "-", "c1-server-new"
"2013-09-20 09:14:27", "EC2:apse1", "i-35dc4c63", "STOPPED", "t1.micro", "0.86", "0.02", ""
"2013-09-20 07:59:56", "EC2:apse1", "i-040a9a52", "STOPPED", "t1.micro", "1.10", "0.04", "Testing"
"2013-09-20 07:59:57", "EC2:apse1", "i-040a9a52", "TERMINATED", "t1.micro", "-", "-", "Testing"
"2013-09-20 09:14:28", "EC2:apse1", "i-35dc4c63", "TERMINATED", "t1.micro", "-", "-", ""
"2013-09-20 08:17:52", "EC2:apse1", "i-e58f27b3", "STOPPED", "t1.micro", "0.12", "0.02", ""
"2013-09-20 08:17:53", "EC2:apse1", "i-e58f27b3", "TERMINATED", "t1.micro", "-", "-", ""
"2013-09-20 09:14:27", "EC2:apse1", "i-35dc4c63", "STOPPED", "t1.micro", "0.86", "0.02", ""
"2013-09-20 09:14:28", "EC2:apse1", "i-35dc4c63", "TERMINATED", "t1.micro", "-", "-", ""
"2013-09-23 05:12:51", "EC2:apse1", "i-73ce5a25", "STOPPED", "t1.micro", "159.03", "3.20", "test"
"2013-09-23 11:27:37", "EC2:apse1", "i-73ce5a25", "STARTED", "t1.micro", "-", "-", "test"
"2013-09-24 01:14:01", "EC2:apse1", "i-626fd134", "CREATED", "t1.micro", "-", "-", ""
"2013-09-24 01:14:02", "EC2:apse1", "i-626fd134", "STARTED", "t1.micro", "-", "-", ""
"2013-09-23 11:27:36", "EC2:apse1", "i-73ce5a25", "CREATED", "t1.micro", "-", "-", "test"
"2013-09-23 11:27:37", "EC2:apse1", "i-73ce5a25", "STARTED", "t1.micro", "-", "-", "test"
"2013-09-17 17:24:04", "EC2:apse1", "i-02a08055", "CREATED", "m1.large", "-", "-", "c1-server-new"
"2013-09-17 17:24:05", "EC2:apse1", "i-02a08055", "STARTED", "m1.large", "-", "-", "c1-server-new"
"2013-09-24 04:25:22", "EC2:apse1", "i-626fd134", "STOPPED", "t1.micro", "3.19", "0.08", ""
"2013-09-24 04:25:23", "EC2:apse1", "i-626fd134", "TERMINATED", "t1.micro", "-", "-", ""
"2013-09-24 04:31:43", "EC2:apse1", "i-092b465f", "CREATED", "t1.micro", "-", "-", ""
"2013-09-23 11:27:36", "EC2:apse1", "i-73ce5a25", "CREATED", "t1.micro", "-", "-", "test"
"2013-09-23 11:27:37", "EC2:apse1", "i-73ce5a25", "STARTED", "t1.micro", "-", "-", "test"
"2013-09-17 17:24:04", "EC2:apse1", "i-02a08055", "CREATED", "m1.large", "-", "-", "c1-server-new"
"2013-09-17 17:24:05", "EC2:apse1", "i-02a08055", "STARTED", "m1.large", "-", "-", "c1-server-new"
"2013-09-24 04:31:44", "EC2:apse1", "i-092b465f", "STARTED", "t1.micro", "-", "-", ""
"2013-09-24 04:58:06", "EC2:apse1", "i-092b465f", "STOPPED", "t1.micro", "0.44", "0.02", ""
"2013-09-24 04:58:07", "EC2:apse1", "i-092b465f", "TERMINATED", "t1.micro", "-", "-", ""
"2013-09-24 05:03:53", "EC2:apse1", "i-bf4f17e9", "CREATED", "t1.micro", "-", "-", ""
"2013-09-24 05:03:54", "EC2:apse1", "i-bf4f17e9", "STARTED", "t1.micro", "-", "-", ""
"2013-09-24 05:10:50", "EC2:apse1", "i-bf4f17e9", "STOPPED", "t1.micro", "0.12", "0.02", ""
"2013-09-24 01:14:01", "EC2:apse1", "i-626fd134", "CREATED", "t1.micro", "-", "-", ""
"2013-09-24 04:31:43", "EC2:apse1", "i-092b465f", "CREATED", "t1.micro", "-", "-", ""
"2013-09-23 11:27:36", "EC2:apse1", "i-73ce5a25", "CREATED", "t1.micro", "-", "-", "test"
"2013-09-23 11:27:37", "EC2:apse1", "i-73ce5a25", "STARTED", "t1.micro", "-", "-", "test"
"2013-09-17 17:24:04", "EC2:apse1", "i-02a08055", "CREATED", "m1.large", "-", "-", "c1-server-new"
"2013-09-17 17:24:05", "EC2:apse1", "i-02a08055", "STARTED", "m1.large", "-", "-", "c1-server-new"
"2013-09-24 05:10:51", "EC2:apse1", "i-bf4f17e9", "TERMINATED", "t1.micro", "-", "-", ""
"2013-09-24 04:25:22", "EC2:apse1", "i-626fd134", "STOPPED", "t1.micro", "3.19", "0.08", ""
"2013-09-24 04:25:23", "EC2:apse1", "i-626fd134", "TERMINATED", "t1.micro", "-", "-", ""
"2013-09-24 05:22:30", "EC2:apse1", "i-06ae2b50", "CREATED", "t1.micro", "-", "-", ""
"2013-09-24 05:22:31", "EC2:apse1", "i-06ae2b50", "STARTED", "t1.micro", "-", "-", ""
"2013-09-24 04:31:43", "EC2:apse1", "i-092b465f", "CREATED", "t1.micro", "-", "-", ""
"2013-09-23 11:27:36", "EC2:apse1", "i-73ce5a25", "CREATED", "t1.micro", "-", "-", "test"
"2013-09-23 11:27:37", "EC2:apse1", "i-73ce5a25", "STARTED", "t1.micro", "-", "-", "test"
"2013-09-17 17:24:04", "EC2:apse1", "i-02a08055", "CREATED", "m1.large", "-", "-", "c1-server-new"
"2013-09-17 17:24:05", "EC2:apse1", "i-02a08055", "STARTED", "m1.large", "-", "-", "c1-server-new"
"2013-09-24 05:58:39", "EC2:apse1", "i-06ae2b50", "STOPPED", "t1.micro", "0.60", "0.02", ""
"2013-09-24 05:58:40", "EC2:apse1", "i-06ae2b50", "TERMINATED", "t1.micro", "-", "-", ""
"2013-09-24 04:58:06", "EC2:apse1", "i-092b465f", "STOPPED", "t1.micro", "0.44", "0.02", ""
"2013-09-24 04:58:07", "EC2:apse1", "i-092b465f", "TERMINATED", "t1.micro", "-", "-", ""
"2013-09-24 06:02:48", "EC2:apse1", "i-1c9efe4a", "CREATED", "t1.micro", "-", "-", ""
"2013-09-24 06:02:49", "EC2:apse1", "i-1c9efe4a", "STARTED", "t1.micro", "-", "-", ""
"2013-09-23 11:27:36", "EC2:apse1", "i-73ce5a25", "CREATED", "t1.micro", "-", "-", "test"
"2013-09-23 11:27:37", "EC2:apse1", "i-73ce5a25", "STARTED", "t1.micro", "-", "-", "test"
"2013-09-17 17:24:04", "EC2:apse1", "i-02a08055", "CREATED", "m1.large", "-", "-", "c1-server-new"
"2013-09-17 17:24:05", "EC2:apse1", "i-02a08055", "STARTED", "m1.large", "-", "-", "c1-server-new"
"2013-09-24 05:10:50", "EC2:apse1", "i-bf4f17e9", "STOPPED", "t1.micro", "0.12", "0.02", ""
"2013-09-24 05:10:51", "EC2:apse1", "i-bf4f17e9", "TERMINATED", "t1.micro", "-", "-", ""
"2013-09-24 06:18:28", "EC2:apse1", "i-1c9efe4a", "STOPPED", "t1.micro", "0.26", "0.02", ""
"2013-09-24 06:18:29", "EC2:apse1", "i-1c9efe4a", "TERMINATED", "t1.micro", "-", "-", ""
"2013-09-24 06:27:05", "EC2:apse1", "i-1fef8749", "CREATED", "t1.micro", "-", "-", ""
"2013-09-24 06:27:06", "EC2:apse1", "i-1fef8749", "STARTED", "t1.micro", "-", "-", ""
"2013-09-24 05:58:39", "EC2:apse1", "i-06ae2b50", "STOPPED", "t1.micro", "0.60", "0.02", ""
"2013-09-24 05:58:40", "EC2:apse1", "i-06ae2b50", "TERMINATED", "t1.micro", "-", "-", ""
"2013-09-24 06:18:28", "EC2:apse1", "i-1c9efe4a", "STOPPED", "t1.micro", "0.26", "0.02", ""
"2013-09-24 06:18:29", "EC2:apse1", "i-1c9efe4a", "TERMINATED", "t1.micro", "-", "-", ""
"2013-09-23 11:27:36", "EC2:apse1", "i-73ce5a25", "CREATED", "t1.micro", "-", "-", "test"
"2013-09-23 11:27:37", "EC2:apse1", "i-73ce5a25", "STARTED", "t1.micro", "-", "-", "test"
"2013-09-17 17:24:04", "EC2:apse1", "i-02a08055", "CREATED", "m1.large", "-", "-", "c1-server-new"
"2013-09-17 17:24:05", "EC2:apse1", "i-02a08055", "STARTED", "m1.large", "-", "-", "c1-server-new"
"2013-09-24 06:27:05", "EC2:apse1", "i-1fef8749", "CREATED", "t1.micro", "-", "-", ""
"2013-09-24 07:22:05", "EC2:apse1", "i-8dd04adb", "CREATED", "t1.micro", "-", "-", ""
"2013-09-24 07:22:06", "EC2:apse1", "i-8dd04adb", "STARTED", "t1.micro", "-", "-", ""
"2013-09-24 07:15:21", "EC2:apse1", "i-1fef8749", "STOPPED", "t1.micro", "0.80", "0.02", ""
"2013-09-24 07:15:22", "EC2:apse1", "i-1fef8749", "TERMINATED", "t1.micro", "-", "-", ""
"2013-09-24 11:01:46", "EC2:apse1", "i-73ce5a25", "CHANGED", "t1.micro", "-", "-", "test - 46.137.199.69 -> 54.254.46.209"
"2013-09-24 11:01:46", "EC2:apse1", "i-73ce5a25", "CHANGED", "t1.micro", "-", "-", "test - 10.128.67.151 -> 10.128.73.212"
"2013-09-24 10:51:54", "EC2:apse1", "i-73ce5a25", "CREATED", "t1.micro", "-", "-", "test"
"2013-09-24 10:51:55", "EC2:apse1", "i-73ce5a25", "STARTED", "t1.micro", "-", "-", "test"
"2013-09-17 17:24:04", "EC2:apse1", "i-02a08055", "CREATED", "m1.large", "-", "-", "c1-server-new"
"2013-09-17 17:24:05", "EC2:apse1", "i-02a08055", "STARTED", "m1.large", "-", "-", "c1-server-new"
"2013-09-24 11:03:44", "EC2:apse1", "i-66f8a330", "CREATED", "t1.micro", "-", "-", ""
"2013-09-24 07:22:05", "EC2:apse1", "i-8dd04adb", "CREATED", "t1.micro", "-", "-", ""
"2013-09-24 07:22:06", "EC2:apse1", "i-8dd04adb", "STARTED", "t1.micro", "-", "-", ""
"2013-09-24 10:37:34", "EC2:apse1", "i-8dd04adb", "STOPPED", "t1.micro", "3.26", "0.08", ""
"2013-09-24 11:06:31", "EC2:apse1", "i-66f8a330", "STOPPED", "t1.micro", "0.05", "0.02", ""
"2013-09-24 11:06:32", "EC2:apse1", "i-66f8a330", "TERMINATED", "t1.micro", "-", "-", ""
"2013-09-24 16:23:09", "EC2:apse1", "i-8dd04adb", "STARTED", "t1.micro", "-", "-", ""
"2013-09-24 17:13:19", "EC2:apse1", "i-8dd04adb", "STOPPED", "t1.micro", "0.84", "0.02", ""
"2013-09-24 10:51:54", "EC2:apse1", "i-73ce5a25", "CREATED", "t1.micro", "-", "-", "test"
"2013-09-24 10:51:55", "EC2:apse1", "i-73ce5a25", "STARTED", "t1.micro", "-", "-", "test"
"2013-09-17 17:24:04", "EC2:apse1", "i-02a08055", "CREATED", "m1.large", "-", "-", "c1-server-new"
"2013-09-17 17:24:05", "EC2:apse1", "i-02a08055", "STARTED", "m1.large", "-", "-", "c1-server-new"
"2013-09-24 17:41:46", "EC2:apse1", "i-f649cfa0", "CREATED", "t1.micro", "-", "-", ""
"2013-09-24 17:41:47", "EC2:apse1", "i-f649cfa0", "STARTED", "t1.micro", "-", "-", ""
"2013-09-24 16:23:08", "EC2:apse1", "i-8dd04adb", "CREATED", "t1.micro", "-", "-", ""
"2013-09-24 17:59:04", "EC2:apse1", "i-f649cfa0", "STOPPED", "t1.micro", "0.29", "0.02", ""
"2013-09-25 05:11:52", "EC2:apse1", "i-f649cfa0", "STARTED", "t1.micro", "-", "-", ""
"2013-09-25 06:01:54", "EC2:apse1", "i-73ce5a25", "CHANGED", "t1.micro", "-", "-", "test - 54.254.46.209 -> 54.251.67.67"
"2013-09-25 06:01:54", "EC2:apse1", "i-73ce5a25", "CHANGED", "t1.micro", "-", "-", "test - 10.128.73.212 -> 10.128.70.170"
"2013-09-25 05:28:29", "EC2:apse1", "i-f649cfa0", "TERMINATED", "t1.micro", "-", "-", ""
"2013-09-25 06:40:43", "EC2:apse1", "i-3aed566c", "CREATED", "t1.micro", "-", "-", ""
"2013-09-25 06:49:21", "EC2:apse1", "i-b31951e5", "CREATED", "t1.micro", "-", "-", ""
"2013-09-25 06:49:22", "EC2:apse1", "i-b31951e5", "STARTED", "t1.micro", "-", "-", ""
"2013-09-17 17:24:04", "EC2:apse1", "i-02a08055", "CREATED", "m1.large", "-", "-", "c1-server-new"
"2013-09-17 17:24:05", "EC2:apse1", "i-02a08055", "STARTED", "m1.large", "-", "-", "c1-server-new"
"2013-09-25 05:11:51", "EC2:apse1", "i-f649cfa0", "CREATED", "t1.micro", "-", "-", ""
"2013-09-25 06:40:43", "EC2:apse1", "i-3aed566c", "CREATED", "t1.micro", "-", "-", ""
"2013-09-25 07:31:17", "EC2:apse1", "i-73ce5a25", "STOPPED", "t1.micro", "1.66", "0.04", "test"
"2013-09-25 07:21:56", "EC2:apse1", "i-b31951e5", "STOPPED", "t1.micro", "0.54", "0.02", ""
"2013-09-25 05:28:28", "EC2:apse1", "i-f649cfa0", "STOPPED", "t1.micro", "0.28", "0.02", ""
"2013-09-25 05:28:29", "EC2:apse1", "i-f649cfa0", "TERMINATED", "t1.micro", "-", "-", ""
"2013-09-25 09:24:06", "EC2:apse1", "i-73ce5a25", "STARTED", "t1.micro", "-", "-", "test"
"2013-09-25 07:21:57", "EC2:apse1", "i-b31951e5", "TERMINATED", "t1.micro", "-", "-", ""
"2013-09-25 07:21:56", "EC2:apse1", "i-b31951e5", "STOPPED", "t1.micro", "0.54", "0.02", ""
"2013-09-25 07:21:57", "EC2:apse1", "i-b31951e5", "TERMINATED", "t1.micro", "-", "-", ""
"2013-09-26 09:08:26", "EC2:apse1", "i-b07ac7e6", "CREATED", "t1.micro", "-", "-", "Nuance"
"2013-09-26 09:08:27", "EC2:apse1", "i-b07ac7e6", "STARTED", "t1.micro", "-", "-", "Nuance"
"2013-09-25 09:24:05", "EC2:apse1", "i-73ce5a25", "CREATED", "t1.micro", "-", "-", "test"
"2013-09-25 09:24:06", "EC2:apse1", "i-73ce5a25", "STARTED", "t1.micro", "-", "-", "test"
"2013-09-17 17:24:04", "EC2:apse1", "i-02a08055", "CREATED", "m1.large", "-", "-", "c1-server-new"
"2013-09-17 17:24:05", "EC2:apse1", "i-02a08055", "STARTED", "m1.large", "-", "-", "c1-server-new"
"2013-09-26 09:16:47", "EC2:apse1", "i-b07ac7e6", "STOPPED", "t1.micro", "0.14", "0.02", "Nuance"
"2013-09-26 09:16:48", "EC2:apse1", "i-b07ac7e6", "TERMINATED", "t1.micro", "-", "-", "Nuance"
"2013-09-26 09:24:07", "EC2:apse1", "i-e94135bf", "CREATED", "t1.micro", "-", "-", ""
"2013-09-26 09:24:08", "EC2:apse1", "i-e94135bf", "STARTED", "t1.micro", "-", "-", ""
"2013-09-26 09:29:57", "EC2:apse1", "i-e94135bf", "STOPPED", "t1.micro", "0.10", "0.02", ""
"2013-09-26 09:59:00", "EC2:apse1", "i-69c6713f", "CREATED", "t1.micro", "-", "-", ""
"2013-09-26 09:59:01", "EC2:apse1", "i-69c6713f", "STARTED", "t1.micro", "-", "-", ""
"2013-09-26 09:08:26", "EC2:apse1", "i-b07ac7e6", "CREATED", "t1.micro", "-", "-", "Nuance"
"2013-09-25 09:24:05", "EC2:apse1", "i-73ce5a25", "CREATED", "t1.micro", "-", "-", "test"
"2013-09-25 09:24:06", "EC2:apse1", "i-73ce5a25", "STARTED", "t1.micro", "-", "-", "test"
"2013-09-17 17:24:04", "EC2:apse1", "i-02a08055", "CREATED", "m1.large", "-", "-", "c1-server-new"
"2013-09-17 17:24:05", "EC2:apse1", "i-02a08055", "STARTED", "m1.large", "-", "-", "c1-server-new"
"2013-09-26 09:24:07", "EC2:apse1", "i-e94135bf", "CREATED", "t1.micro", "-", "-", ""
"2013-09-26 10:02:37", "EC2:apse1", "i-69c6713f", "STOPPED", "t1.micro", "0.06", "0.02", ""
"2013-09-26 10:02:38", "EC2:apse1", "i-69c6713f", "TERMINATED", "t1.micro", "-", "-", ""
"2013-09-26 09:16:47", "EC2:apse1", "i-b07ac7e6", "STOPPED", "t1.micro", "0.14", "0.02", "Nuance"
"2013-09-26 09:16:48", "EC2:apse1", "i-b07ac7e6", "TERMINATED", "t1.micro", "-", "-", "Nuance"
"2013-09-26 10:31:45", "EC2:apse1", "i-73ce5a25", "CHANGED", "t1.micro", "-", "-", "test - 54.254.27.74 -> 54.251.217.186"
"2013-09-26 10:31:45", "EC2:apse1", "i-73ce5a25", "CHANGED", "t1.micro", "-", "-", "test - 10.128.42.46 -> 10.128.50.153"
"2013-09-26 10:02:37", "EC2:apse1", "i-69c6713f", "STOPPED", "t1.micro", "0.06", "0.02", ""
"2013-09-26 10:02:38", "EC2:apse1", "i-69c6713f", "TERMINATED", "t1.micro", "-", "-", ""
"2013-09-26 12:08:43", "EC2:apse1", "i-a79e07f1", "CREATED", "t1.micro", "-", "-", ""
"2013-09-26 12:08:44", "EC2:apse1", "i-a79e07f1", "STARTED", "t1.micro", "-", "-", ""
"2013-09-26 12:27:40", "EC2:apse1", "i-5b41060d", "CREATED", "t1.micro", "-", "-", ""
"2013-09-26 12:27:41", "EC2:apse1", "i-5b41060d", "STARTED", "t1.micro", "-", "-", ""
"2013-09-17 17:24:04", "EC2:apse1", "i-02a08055", "CREATED", "m1.large", "-", "-", "c1-server-new"
"2013-09-17 17:24:05", "EC2:apse1", "i-02a08055", "STARTED", "m1.large", "-", "-", "c1-server-new"
"2013-09-26 12:08:43", "EC2:apse1", "i-a79e07f1", "CREATED", "t1.micro", "-", "-", ""
"2013-09-26 12:46:03", "EC2:apse1", "i-5b41060d", "STOPPED", "t1.micro", "0.31", "0.02", ""
"2013-09-27 06:36:33", "EC2:apse1", "i-5b41060d", "STARTED", "t1.micro", "-", "-", ""
"2013-09-27 06:48:40", "EC2:apse1", "i-73ce5a25", "STOPPED", "t1.micro", "20.49", "0.42", "test"
"2013-09-27 06:48:23", "EC2:apse1", "i-5b41060d", "STOPPED", "t1.micro", "0.20", "0.02", ""
"2013-09-27 09:51:15", "EC2:apse1", "i-73ce5a25", "STARTED", "t1.micro", "-", "-", "test"
"2013-09-27 06:48:24", "EC2:apse1", "i-5b41060d", "TERMINATED", "t1.micro", "-", "-", ""
"2013-09-27 10:02:25", "EC2:apse1", "i-cec79798", "CREATED", "t1.micro", "-", "-", ""
"2013-09-27 10:15:40", "EC2:apse1", "i-e0eb96b6", "CREATED", "t1.micro", "-", "-", ""
"2013-09-27 10:15:41", "EC2:apse1", "i-e0eb96b6", "STARTED", "t1.micro", "-", "-", ""
"2013-09-27 10:31:13", "EC2:apse1", "i-e0eb96b6", "STOPPED", "t1.micro", "0.26", "0.02", ""
"2013-09-27 10:45:11", "EC2:apse1", "i-e0eb96b6", "TERMINATED", "t1.micro", "-", "-", ""
"2013-09-27 06:48:23", "EC2:apse1", "i-5b41060d", "STOPPED", "t1.micro", "0.20", "0.02", ""
"2013-09-27 06:48:24", "EC2:apse1", "i-5b41060d", "TERMINATED", "t1.micro", "-", "-", ""
"2013-09-27 10:08:02", "EC2:apse1", "i-cec79798", "STOPPED", "t1.micro", "0.09", "0.02", ""
"2013-09-27 10:08:03", "EC2:apse1", "i-cec79798", "TERMINATED", "t1.micro", "-", "-", ""
"2013-09-27 11:56:12", "EC2:apse1", "i-73ce5a25", "STOPPED", "t1.micro", "2.08", "0.06", "test"
"2013-09-27 17:18:54", "EC2:apse1", "i-73ce5a25", "STARTED", "t1.micro", "-", "-", "test"
"2013-09-27 17:21:22", "EC2:apse1", "i-5e05ad08", "CREATED", "t1.micro", "-", "-", ""
"2013-09-27 17:21:23", "EC2:apse1", "i-5e05ad08", "STARTED", "t1.micro", "-", "-", ""
"2013-09-17 17:24:04", "EC2:apse1", "i-02a08055", "CREATED", "m1.large", "-", "-", "c1-server-new"
"2013-09-17 17:24:05", "EC2:apse1", "i-02a08055", "STARTED", "m1.large", "-", "-", "c1-server-new"
"2013-09-29 16:52:49", "EC2:apse1", "i-5e05ad08", "STOPPED", "t1.micro", "47.52", "0.96", ""
"2013-09-29 17:33:57", "EC2:apse1", "i-97a0d1c1", "CREATED", "t1.micro", "-", "-", ""
"2013-09-29 17:33:58", "EC2:apse1", "i-97a0d1c1", "STARTED", "t1.micro", "-", "-", ""
"2013-09-29 18:00:17", "EC2:apse1", "i-97a0d1c1", "STOPPED", "t1.micro", "0.44", "0.02", ""
"2013-09-29 18:00:18", "EC2:apse1", "i-97a0d1c1", "TERMINATED", "t1.micro", "-", "-", ""
"2013-09-29 18:09:27", "EC2:apse1", "i-6af97f3c", "CREATED", "t1.micro", "-", "-", ""
"2013-09-29 18:09:28", "EC2:apse1", "i-6af97f3c", "STARTED", "t1.micro", "-", "-", ""
"2013-09-29 17:33:57", "EC2:apse1", "i-97a0d1c1", "CREATED", "t1.micro", "-", "-", ""
"2013-09-29 18:17:35", "EC2:apse1", "i-6af97f3c", "STOPPED", "t1.micro", "0.14", "0.02", ""
"2013-09-29 18:17:36", "EC2:apse1", "i-6af97f3c", "TERMINATED", "t1.micro", "-", "-", ""
"2013-09-30 05:01:04", "EC2:apse1", "i-73ce5a25", "STOPPED", "t1.micro", "59.70", "1.20", "test"
"2013-09-30 05:01:05", "EC2:apse1", "i-73ce5a25", "TERMINATED", "t1.micro", "-", "-", "test"
"2013-09-29 16:52:50", "EC2:apse1", "i-5e05ad08", "TERMINATED", "t1.micro", "-", "-", ""
"2013-10-03 10:42:26", "EC2:apse1", "i-8b2d95dd", "CREATED", "t1.micro", "-", "-", ""
"2013-10-03 10:42:27", "EC2:apse1", "i-8b2d95dd", "STARTED", "t1.micro", "-", "-", ""
"2013-09-30 05:01:04", "EC2:apse1", "i-73ce5a25", "STOPPED", "t1.micro", "59.70", "1.20", "test"
"2013-09-30 05:01:05", "EC2:apse1", "i-73ce5a25", "TERMINATED", "t1.micro", "-", "-", "test"
"2013-10-03 12:00:49", "EC2:apse1", "i-8b2d95dd", "STOPPED", "t1.micro", "1.31", "0.04", ""
"2013-10-03 12:00:50", "EC2:apse1", "i-8b2d95dd", "TERMINATED", "t1.micro", "-", "-", ""
